This is pdfTeX, Version 3.1415926-2.5-1.40.14 (TeX Live 2013/Debian) (format=pdflatex 2017.10.5)  25 OCT 2017 10:24
entering extended mode
 restricted \write18 enabled.
 %&-line parsing enabled.
**energy_clustering.tex
(./energy_clustering.tex
LaTeX2e <2011/06/27>
Babel <3.9h> and hyphenation patterns for 78 languages loaded.
(/usr/share/texlive/texmf-dist/tex/latex/revtex/revtex4-1.cls
Document Class: revtex4-1 2010/07/25/20:33:00 4.1r (http://publish.aps.org/revt
ex4/ for documentation)
 Copyright (c) 2009 The American Physical Society.
 mailto:revtex@aps.org
 Licensed under the LPPL:
http://www.ctan.org/tex-archive/macros/latex/base/lppl.txt
 Arthur Ogawa <arthur_ogawa at sbcglobal dot net>
 Based on work by David Carlisle <david at dcarlisle.demon.co.uk>.
ltxutil[2010/07/25/20:33:00 4.1r utilities package (portions licensed from W. E
. Baxter web at superscript.com)]
LaTeX Info: Redefining \@centercr on input line 308.
Class revtex4-1 Info: Repairing broken LaTeX eqnarray on input line 358.
\eqncolsep=\skip41
Class revtex4-1 Info: Repairing hyperref-unfriendly LaTeX definition of \mpfoot
note on input line 433.
Class revtex4-1 Info: Repairing broken LateX \@sect on input line 755.
\intertabularlinepenalty=\count79
\@tbpen=\count80
\@arstrutbox@hline=\box26
Class revtex4-1 Info: Repairing broken LaTeX \@xbitor on input line 1786.
Class revtex4-1 Info: Making \typeout \long on input line 2046.
ltxfront[2010/07/25/20:33:00 4.1r frontmatter package (AO,DPC)]
\c@affil=\count81
\c@collab=\count82
\absbox=\box27
ltxgrid[2010/07/25/20:33:00 4.1r page grid package (portions licensed from W. E
. Baxter web at superscript.com)]
\c@linecount=\count83
\output@latex=\toks14
\box@size@1=\box28
\box@size@2=\box29
\@protection@box=\box30
\@topmark@saved=\toks15
\footins@saved=\box31
\footins@recovered=\box32
\column@recovered=\box33
\pagesofar=\box34
\footsofar=\box35
\pagegrid@col=\count84
Class revtex4-1 Info: Overriding \@vspace, \@vspacer, \@no@pgbk, \@newline, and
 \\  on input line 5578.
\c@part=\count85
\c@section=\count86
\c@subsection=\count87
\c@subsubsection=\count88
\c@paragraph=\count89
\c@subparagraph=\count90
\abovecaptionskip=\skip42
\belowcaptionskip=\skip43
\c@figure=\count91
\fbox@1=\box36
\c@table=\count92
\fbox@2=\box37
\c@video=\count93
\fbox@4=\box38
\@bibdataout=\write3
\widetext@top=\box39
\widetext@bot=\box40
Class revtex4-1 Info: Selecting society aps on input line 7542.
(/usr/share/texlive/texmf-dist/tex/latex/revtex/aps4-1.rtx
File: aps4-1 2010/07/25/20:33:00 4.1r (http://publish.aps.org/revtex4/ for docu
mentation)
Class revtex4-1 Info: RevTeX society APS selected on input line 31.
)

Class revtex4-1 Warning: No journal specified, using default pra.

Class revtex4-1 Info: APS journal PRA selected on input line 7545.
(/usr/share/texlive/texmf-dist/tex/latex/revtex/aps12pt4-1.rtx
File: aps12pt4-1 2010/07/25/20:33:00 4.1r (http://publish.aps.org/revtex4/ for 
documentation)
Class revtex4-1 Info: RevTeX pointsize 12pt selected on input line 30.
)
(/usr/share/texlive/texmf-dist/tex/latex/textcase/textcase.sty
Package: textcase 2004/10/07 v0.07 Text only upper/lower case changing (DPC)
)
(/usr/share/texlive/texmf-dist/tex/latex/url/url.sty
\Urlmuskip=\muskip10
Package: url 2013/09/16  ver 3.4  Verb mode for urls, etc.
)
(/usr/share/texlive/texmf-dist/tex/latex/natbib/natbib.sty
Package: natbib 2010/09/13 8.31b (PWD, AO)
\bibhang=\skip44
\bibsep=\skip45
LaTeX Info: Redefining \cite on input line 694.
\c@NAT@ctr=\count94
)
Class revtex4-1 Info: Repairing natbib's \BibitemShut on input line 7549.

(/usr/share/texlive/texmf-dist/tex/latex/revtex/revsymb4-1.sty
Package: revsymb4-1 2010/07/25/20:33:00 4.1r (http://publish.aps.org/revtex4/ f
or documentation)
LaTeX Info: Redefining \REV@mathfrak on input line 119.
))
(/usr/share/texlive/texmf-dist/tex/latex/amsmath/amsmath.sty
Package: amsmath 2013/01/14 v2.14 AMS math features
\@mathmargin=\skip46

For additional information on amsmath, use the `?' option.
(/usr/share/texlive/texmf-dist/tex/latex/amsmath/amstext.sty
Package: amstext 2000/06/29 v2.01

(/usr/share/texlive/texmf-dist/tex/latex/amsmath/amsgen.sty
File: amsgen.sty 1999/11/30 v2.0
\@emptytoks=\toks16
\ex@=\dimen102
)
LaTeX Info: Redefining \text on input line 39.
)
(/usr/share/texlive/texmf-dist/tex/latex/amsmath/amsbsy.sty
Package: amsbsy 1999/11/29 v1.2d
\pmbraise@=\dimen103
)
(/usr/share/texlive/texmf-dist/tex/latex/amsmath/amsopn.sty
Package: amsopn 1999/12/14 v2.01 operator names
)
\inf@bad=\count95
LaTeX Info: Redefining \frac on input line 210.
\uproot@=\count96
\leftroot@=\count97
LaTeX Info: Redefining \overline on input line 306.
\classnum@=\count98
\DOTSCASE@=\count99
LaTeX Info: Redefining \ldots on input line 378.
LaTeX Info: Redefining \dots on input line 381.
LaTeX Info: Redefining \cdots on input line 466.
\Mathstrutbox@=\box41
\strutbox@=\box42
\big@size=\dimen104
LaTeX Font Info:    Redeclaring font encoding OML on input line 566.
LaTeX Font Info:    Redeclaring font encoding OMS on input line 567.
\macc@depth=\count100
\c@MaxMatrixCols=\count101
\dotsspace@=\muskip11
\c@parentequation=\count102
\dspbrk@lvl=\count103
\tag@help=\toks17
\row@=\count104
\column@=\count105
\maxfields@=\count106
\andhelp@=\toks18
\eqnshift@=\dimen105
\alignsep@=\dimen106
\tagshift@=\dimen107
\tagwidth@=\dimen108
\totwidth@=\dimen109
\lineht@=\dimen110
\@envbody=\toks19
\multlinegap=\skip47
\multlinetaggap=\skip48
\mathdisplay@stack=\toks20
LaTeX Info: Redefining \[ on input line 2665.
LaTeX Info: Redefining \] on input line 2666.
)
(/usr/share/texlive/texmf-dist/tex/latex/amsfonts/amssymb.sty
Package: amssymb 2013/01/14 v3.01 AMS font symbols

(/usr/share/texlive/texmf-dist/tex/latex/amsfonts/amsfonts.sty
Package: amsfonts 2013/01/14 v3.01 Basic AMSFonts support
\symAMSa=\mathgroup4
\symAMSb=\mathgroup5
LaTeX Font Info:    Overwriting math alphabet `\mathfrak' in version `bold'
(Font)                  U/euf/m/n --> U/euf/b/n on input line 106.
LaTeX Info: Redefining \frak on input line 111.
LaTeX Info: Redefining \Bbb on input line 113.
))
(/usr/share/texlive/texmf-dist/tex/latex/amscls/amsthm.sty
Package: amsthm 2004/08/06 v2.20
\thm@style=\toks21
\thm@bodyfont=\toks22
\thm@headfont=\toks23
\thm@notefont=\toks24
\thm@headpunct=\toks25
\thm@preskip=\skip49
\thm@postskip=\skip50
\thm@headsep=\skip51
\dth@everypar=\toks26
)
(/usr/share/texlive/texmf-dist/tex/latex/amsmath/amscd.sty
Package: amscd 1999/11/29 v2.0
\athelp@=\toks27
\minaw@=\dimen111
\bigaw@=\dimen112
\minCDarrowwidth=\dimen113
)
(/usr/share/texlive/texmf-dist/tex/latex/tools/bm.sty
Package: bm 2004/02/26 v1.1c Bold Symbol Support (DPC/FMi)
\symboldoperators=\mathgroup6
\symboldletters=\mathgroup7
\symboldsymbols=\mathgroup8
LaTeX Font Info:    Redeclaring math alphabet \mathbf on input line 138.
LaTeX Info: Redefining \bm on input line 204.
)
(/usr/share/texlive/texmf-dist/tex/latex/bbm-macros/bbm.sty
Package: bbm 1999/03/15 V 1.2 provides fonts for set symbols - TH
LaTeX Font Info:    Overwriting math alphabet `\mathbbm' in version `bold'
(Font)                  U/bbm/m/n --> U/bbm/bx/n on input line 33.
LaTeX Font Info:    Overwriting math alphabet `\mathbbmss' in version `bold'
(Font)                  U/bbmss/m/n --> U/bbmss/bx/n on input line 35.
)
(/usr/share/texlive/texmf-dist/tex/latex/mh/mathtools.sty
Package: mathtools 2013/02/12 v1.13 mathematical typesetting tools

(/usr/share/texlive/texmf-dist/tex/latex/graphics/keyval.sty
Package: keyval 1999/03/16 v1.13 key=value parser (DPC)
\KV@toks@=\toks28
)
(/usr/share/texlive/texmf-dist/tex/latex/tools/calc.sty
Package: calc 2007/08/22 v4.3 Infix arithmetic (KKT,FJ)
\calc@Acount=\count107
\calc@Bcount=\count108
\calc@Adimen=\dimen114
\calc@Bdimen=\dimen115
\calc@Askip=\skip52
\calc@Bskip=\skip53
LaTeX Info: Redefining \setlength on input line 76.
LaTeX Info: Redefining \addtolength on input line 77.
\calc@Ccount=\count109
\calc@Cskip=\skip54
)
(/usr/share/texlive/texmf-dist/tex/latex/mh/mhsetup.sty
Package: mhsetup 2010/01/21 v1.2a programming setup (MH)
)
LaTeX Info: Thecontrolsequence`\['isalreadyrobust on input line 129.
LaTeX Info: Thecontrolsequence`\]'isalreadyrobust on input line 129.
\g_MT_multlinerow_int=\count110
\l_MT_multwidth_dim=\dimen116
\origjot=\skip55
\l_MT_shortvdotswithinadjustabove_dim=\dimen117
\l_MT_shortvdotswithinadjustbelow_dim=\dimen118
\l_MT_above_intertext_sep=\dimen119
\l_MT_below_intertext_sep=\dimen120
\l_MT_above_shortintertext_sep=\dimen121
\l_MT_below_shortintertext_sep=\dimen122
)
(/usr/share/texlive/texmf-dist/tex/latex/enumitem/enumitem.sty
Package: enumitem 2011/09/28 v3.5.2 Customized lists
\labelindent=\skip56
\enit@outerparindent=\dimen123
\enit@toks=\toks29
\enit@inbox=\box43
\enitdp@description=\count111
)
(/usr/share/texlive/texmf-dist/tex/latex/graphics/graphicx.sty
Package: graphicx 1999/02/16 v1.0f Enhanced LaTeX Graphics (DPC,SPQR)

(/usr/share/texlive/texmf-dist/tex/latex/graphics/graphics.sty
Package: graphics 2009/02/05 v1.0o Standard LaTeX Graphics (DPC,SPQR)

(/usr/share/texlive/texmf-dist/tex/latex/graphics/trig.sty
Package: trig 1999/03/16 v1.09 sin cos tan (DPC)
)
(/etc/texmf/tex/latex/config/graphics.cfg
File: graphics.cfg 2009/08/28 v1.8 graphics configuration of TeX Live
)
Package graphics Info: Driver file: pdftex.def on input line 91.

(/usr/share/texlive/texmf-dist/tex/latex/pdftex-def/pdftex.def
File: pdftex.def 2011/05/27 v0.06d Graphics/color for pdfTeX

(/usr/share/texlive/texmf-dist/tex/generic/oberdiek/infwarerr.sty
Package: infwarerr 2010/04/08 v1.3 Providing info/warning/error messages (HO)
)
(/usr/share/texlive/texmf-dist/tex/generic/oberdiek/ltxcmds.sty
Package: ltxcmds 2011/11/09 v1.22 LaTeX kernel commands for general use (HO)
)
\Gread@gobject=\count112
))
\Gin@req@height=\dimen124
\Gin@req@width=\dimen125
)
(./algorithmic.sty
Package: algorithmic 

Document Style `algorithmic' - environment
(/usr/share/texlive/texmf-dist/tex/latex/base/ifthen.sty
Package: ifthen 2001/05/26 v1.1c Standard LaTeX ifthen package (DPC)
)
\c@ALC@line=\count113
\c@ALC@rem=\count114
\ALC@tlm=\skip57
) (./algorithm.sty
Package: algorithm 

Document Style `algorithm' - floating environment
(/usr/share/texlive/texmf-dist/tex/latex/float/float.sty
Package: float 2001/11/08 v1.3d Float enhancements (AL)
\c@float@type=\count115
\float@exts=\toks30
\float@box=\box44
\@float@everytoks=\toks31
\@floatcapt=\box45
)
\@float@every@algorithm=\toks32
\c@algorithm=\count116
)
(/usr/share/texlive/texmf-dist/tex/latex/multirow/multirow.sty
\bigstrutjot=\dimen126
)
(/usr/share/texlive/texmf-dist/tex/latex/colortbl/colortbl.sty
Package: colortbl 2012/02/13 v1.0a Color table columns (DPC)

(/usr/share/texlive/texmf-dist/tex/latex/tools/array.sty
Package: array 2008/09/09 v2.4c Tabular extension package (FMi)
\col@sep=\dimen127
\extrarowheight=\dimen128
\NC@list=\toks33
\extratabsurround=\skip58
\backup@length=\skip59
)
(/usr/share/texlive/texmf-dist/tex/latex/graphics/color.sty
Package: color 2005/11/14 v1.0j Standard LaTeX Color (DPC)

(/etc/texmf/tex/latex/config/color.cfg
File: color.cfg 2007/01/18 v1.5 color configuration of teTeX/TeXLive
)
Package color Info: Driver file: pdftex.def on input line 130.
)
\everycr=\toks34
\minrowclearance=\skip60
)
(/usr/share/texlive/texmf-dist/tex/latex/booktabs/booktabs.sty
Package: booktabs 2005/04/14 v1.61803 publication quality tables
\heavyrulewidth=\dimen129
\lightrulewidth=\dimen130
\cmidrulewidth=\dimen131
\belowrulesep=\dimen132
\belowbottomsep=\dimen133
\aboverulesep=\dimen134
\abovetopsep=\dimen135
\cmidrulesep=\dimen136
\cmidrulekern=\dimen137
\defaultaddspace=\dimen138
\@cmidla=\count117
\@cmidlb=\count118
\@aboverulesep=\dimen139
\@belowrulesep=\dimen140
\@thisruleclass=\count119
\@lastruleclass=\count120
\@thisrulewidth=\dimen141
)
(/usr/share/texmf/tex/latex/xcolor/xcolor.sty
Package: xcolor 2007/01/21 v2.11 LaTeX color extensions (UK)

(/etc/texmf/tex/latex/config/color.cfg
File: color.cfg 2007/01/18 v1.5 color configuration of teTeX/TeXLive
)
Package xcolor Info: Driver file: pdftex.def on input line 225.
LaTeX Info: Redefining \color on input line 702.
Package xcolor Info: Model `cmy' substituted by `cmy0' on input line 1337.
Package xcolor Info: Model `hsb' substituted by `rgb' on input line 1341.
Package xcolor Info: Model `RGB' extended on input line 1353.
Package xcolor Info: Model `HTML' substituted by `rgb' on input line 1355.
Package xcolor Info: Model `Hsb' substituted by `hsb' on input line 1356.
Package xcolor Info: Model `tHsb' substituted by `hsb' on input line 1357.
Package xcolor Info: Model `HSB' substituted by `hsb' on input line 1358.
Package xcolor Info: Model `Gray' substituted by `gray' on input line 1359.
Package xcolor Info: Model `wave' substituted by `hsb' on input line 1360.
)
(/usr/share/texlive/texmf-dist/tex/latex/makecell/makecell.sty
Package: makecell 2009/08/03 V0.1e Managing of Tab Column Heads and Cells
\rotheadsize=\dimen142
\c@nlinenum=\count121
\TeXr@lab=\toks35
)
(/usr/share/texlive/texmf-dist/tex/latex/psnfss/pifont.sty
Package: pifont 2005/04/12 PSNFSS-v9.2a Pi font support (SPQR) 
LaTeX Font Info:    Try loading font information for U+pzd on input line 63.

(/usr/share/texlive/texmf-dist/tex/latex/psnfss/upzd.fd
File: upzd.fd 2001/06/04 font definitions for U/pzd.
)
LaTeX Font Info:    Try loading font information for U+psy on input line 64.

(/usr/share/texlive/texmf-dist/tex/latex/psnfss/upsy.fd
File: upsy.fd 2001/06/04 font definitions for U/psy.
))
\c@theorem=\count122
\c@example=\count123
Class revtex4-1 Info: colortbl package is loaded. (Proceeding with fingers cros
sed.) on input line 80.


Class revtex4-1 Warning: Repair the float package.

Class revtex4-1 Info: Robustifying \LaTeX's \boldmath command on input line 80.

Class revtex4-1 Info: cite was not loaded (OK!) on input line 80.
Class revtex4-1 Info: mcite was not loaded (OK!) on input line 80.
Class revtex4-1 Info: multicol was not loaded (OK!) on input line 80.
(./energy_clustering.aux)
\openout1 = `energy_clustering.aux'.

LaTeX Font Info:    Checking defaults for OML/cmm/m/it on input line 80.
LaTeX Font Info:    ... okay on input line 80.
LaTeX Font Info:    Checking defaults for T1/cmr/m/n on input line 80.
LaTeX Font Info:    ... okay on input line 80.
LaTeX Font Info:    Checking defaults for OT1/cmr/m/n on input line 80.
LaTeX Font Info:    ... okay on input line 80.
LaTeX Font Info:    Checking defaults for OMS/cmsy/m/n on input line 80.
LaTeX Font Info:    ... okay on input line 80.
LaTeX Font Info:    Checking defaults for OMX/cmex/m/n on input line 80.
LaTeX Font Info:    ... okay on input line 80.
LaTeX Font Info:    Checking defaults for U/cmr/m/n on input line 80.
LaTeX Font Info:    ... okay on input line 80.

(/usr/share/texlive/texmf-dist/tex/context/base/supp-pdf.mkii
[Loading MPS to PDF converter (version 2006.09.02).]
\scratchcounter=\count124
\scratchdimen=\dimen143
\scratchbox=\box46
\nofMPsegments=\count125
\nofMParguments=\count126
\everyMPshowfont=\toks36
\MPscratchCnt=\count127
\MPscratchDim=\dimen144
\MPnumerator=\count128
\makeMPintoPDFobject=\count129
\everyMPtoPDFconversion=\toks37
)
\openout3 = `energy_clusteringNotes.bib'.

LaTeX Font Info:    Try loading font information for U+msa on input line 105.
 (/usr/share/texlive/texmf-dist/tex/latex/amsfonts/umsa.fd
File: umsa.fd 2013/01/14 v3.01 AMS symbols A
)
LaTeX Font Info:    Try loading font information for U+msb on input line 105.

(/usr/share/texlive/texmf-dist/tex/latex/amsfonts/umsb.fd
File: umsb.fd 2013/01/14 v3.01 AMS symbols B
) [1{/var/lib/texmf/fonts/map/pdftex/updmap/pdftex.map}] [2] [3] [4] [5] [6] [7
] [8] [9] [10]
Overfull \vbox (13.24274pt too high) has occurred while \output is active []


[11] [12] [13] [14]
LaTeX Font Info:    Try loading font information for U+bbm on input line 1078.
 (/usr/share/texlive/texmf-dist/tex/latex/bbm-macros/ubbm.fd
File: ubbm.fd 1999/03/15 V 1.2 Font definition for bbm font - TH
) [15] [16] <./figs/1D_normal.pdf, id=71, 300.71655pt x 201.90834pt>
File: ./figs/1D_normal.pdf Graphic file (type pdf)

<use ./figs/1D_normal.pdf>
Package pdftex.def Info: ./figs/1D_normal.pdf used on input line 1254.
(pdftex.def)             Requested size: 229.32257pt x 153.97874pt.

<./figs/normal_density.pdf, id=72, 271.50352pt x 201.90834pt>
File: ./figs/normal_density.pdf Graphic file (type pdf)

<use ./figs/normal_density.pdf>
Package pdftex.def Info: ./figs/normal_density.pdf used on input line 1255.
(pdftex.def)             Requested size: 206.3889pt x 153.48581pt.

<./figs/1D_lognormal.pdf, id=73, 300.71655pt x 201.90834pt>
File: ./figs/1D_lognormal.pdf Graphic file (type pdf)

<use ./figs/1D_lognormal.pdf>
Package pdftex.def Info: ./figs/1D_lognormal.pdf used on input line 1258.
(pdftex.def)             Requested size: 229.32257pt x 153.97874pt.

<./figs/lognormal_density.pdf, id=74, 268.56607pt x 201.90834pt>
File: ./figs/lognormal_density.pdf Graphic file (type pdf)

<use ./figs/lognormal_density.pdf>
Package pdftex.def Info: ./figs/lognormal_density.pdf used on input line 1259.
(pdftex.def)             Requested size: 206.3889pt x 155.16489pt.
 [17] [18 <./figs/1D_normal.pdf> <./figs/normal_density.pdf

pdfTeX warning: pdflatex (file ./figs/normal_density.pdf): PDF inclusion: multi
ple pdfs with page group included in a single page
> <./figs/1D_lognormal.pdf

pdfTeX warning: pdflatex (file ./figs/1D_lognormal.pdf): PDF inclusion: multipl
e pdfs with page group included in a single page
> <./figs/lognormal_density.pdf

pdfTeX warning: pdflatex (file ./figs/lognormal_density.pdf): PDF inclusion: mu
ltiple pdfs with page group included in a single page
>] [19] [20] [21] [22] [23]
<./figs/pairsplot1.pdf, id=436, 878.76456pt x 883.13942pt>
File: ./figs/pairsplot1.pdf Graphic file (type pdf)

<use ./figs/pairsplot1.pdf>
Package pdftex.def Info: ./figs/pairsplot1.pdf used on input line 1700.
(pdftex.def)             Requested size: 229.32257pt x 230.4598pt.

<./figs/pairsplot2.pdf, id=437, 878.76456pt x 883.13942pt>
File: ./figs/pairsplot2.pdf Graphic file (type pdf)

<use ./figs/pairsplot2.pdf>
Package pdftex.def Info: ./figs/pairsplot2.pdf used on input line 1703.
(pdftex.def)             Requested size: 229.32257pt x 230.4598pt.
 [24]
<./figs/normal_highdim_mean.pdf, id=441, 300.71655pt x 196.57503pt>
File: ./figs/normal_highdim_mean.pdf Graphic file (type pdf)

<use ./figs/normal_highdim_mean.pdf>
Package pdftex.def Info: ./figs/normal_highdim_mean.pdf used on input line 1752
.
(pdftex.def)             Requested size: 229.32257pt x 149.91147pt.

<./figs/normal_highdim_cov.pdf, id=442, 300.71655pt x 196.57503pt>
File: ./figs/normal_highdim_cov.pdf Graphic file (type pdf)

<use ./figs/normal_highdim_cov.pdf>
Package pdftex.def Info: ./figs/normal_highdim_cov.pdf used on input line 1755.

(pdftex.def)             Requested size: 229.32257pt x 149.91147pt.
 [25 <./figs/pairsplot1.pdf> <./figs/pairsplot2.pdf

pdfTeX warning: pdflatex (file ./figs/pairsplot2.pdf): PDF inclusion: multiple 
pdfs with page group included in a single page
>] [26 <./figs/normal_highdim_mean.pdf> <./figs/normal_highdim_cov.pdf

pdfTeX warning: pdflatex (file ./figs/normal_highdim_cov.pdf): PDF inclusion: m
ultiple pdfs with page group included in a single page
>] <./figs/normal_kernels.pdf, id=874, 300.71655pt x 197.07039pt>
File: ./figs/normal_kernels.pdf Graphic file (type pdf)

<use ./figs/normal_kernels.pdf>
Package pdftex.def Info: ./figs/normal_kernels.pdf used on input line 1853.
(pdftex.def)             Requested size: 229.32257pt x 150.28923pt.

<./figs/lognormal_kernels.pdf, id=875, 300.71655pt x 197.74234pt>
File: ./figs/lognormal_kernels.pdf Graphic file (type pdf)

<use ./figs/lognormal_kernels.pdf>
Package pdftex.def Info: ./figs/lognormal_kernels.pdf used on input line 1857.
(pdftex.def)             Requested size: 229.32257pt x 150.8017pt.

<./figs/normal_kernels_difference.pdf, id=876, 300.71655pt x 201.90834pt>
File: ./figs/normal_kernels_difference.pdf Graphic file (type pdf)

<use ./figs/normal_kernels_difference.pdf>
Package pdftex.def Info: ./figs/normal_kernels_difference.pdf used on input lin
e 1861.
(pdftex.def)             Requested size: 229.32257pt x 153.97874pt.

<./figs/lognormal_kernels_difference.pdf, id=877, 300.71655pt x 201.90834pt>
File: ./figs/lognormal_kernels_difference.pdf Graphic file (type pdf)

<use ./figs/lognormal_kernels_difference.pdf>
Package pdftex.def Info: ./figs/lognormal_kernels_difference.pdf used on input 
line 1865.
(pdftex.def)             Requested size: 229.32257pt x 153.97874pt.

<./figs/2cigars.pdf, id=878, 303.33333pt x 303.33333pt>
File: ./figs/2cigars.pdf Graphic file (type pdf)

<use ./figs/2cigars.pdf>
Package pdftex.def Info: ./figs/2cigars.pdf used on input line 1918.
(pdftex.def)             Requested size: 112.32257pt x 112.32414pt.

<./figs/2circles.pdf, id=879, 303.33333pt x 303.33333pt>
File: ./figs/2circles.pdf Graphic file (type pdf)

<use ./figs/2circles.pdf>
Package pdftex.def Info: ./figs/2circles.pdf used on input line 1921.
(pdftex.def)             Requested size: 112.32257pt x 112.32414pt.

<./figs/3circles.pdf, id=880, 303.33333pt x 303.33333pt>
File: ./figs/3circles.pdf Graphic file (type pdf)

<use ./figs/3circles.pdf>
Package pdftex.def Info: ./figs/3circles.pdf used on input line 1924.
(pdftex.def)             Requested size: 112.32257pt x 112.32414pt.
 <./figs/mnist.pdf, id=881, 289.08pt x 361.35pt>
File: ./figs/mnist.pdf Graphic file (type pdf)

<use ./figs/mnist.pdf>
Package pdftex.def Info: ./figs/mnist.pdf used on input line 1928.
(pdftex.def)             Requested size: 107.638pt x 134.54652pt.
 [27] [28 <./figs/normal_kernels.pdf> <./figs/lognormal_kernels.pdf

pdfTeX warning: pdflatex (file ./figs/lognormal_kernels.pdf): PDF inclusion: mu
ltiple pdfs with page group included in a single page
> <./figs/normal_kernels_difference.pdf

pdfTeX warning: pdflatex (file ./figs/normal_kernels_difference.pdf): PDF inclu
sion: multiple pdfs with page group included in a single page
> <./figs/lognormal_kernels_difference.pdf

pdfTeX warning: pdflatex (file ./figs/lognormal_kernels_difference.pdf): PDF in
clusion: multiple pdfs with page group included in a single page
> <./figs/2cigars.pdf

pdfTeX warning: pdflatex (file ./figs/2cigars.pdf): PDF inclusion: multiple pdf
s with page group included in a single page
> <./figs/2circles.pdf

pdfTeX warning: pdflatex (file ./figs/2circles.pdf): PDF inclusion: multiple pd
fs with page group included in a single page
> <./figs/3circles.pdf

pdfTeX warning: pdflatex (file ./figs/3circles.pdf): PDF inclusion: multiple pd
fs with page group included in a single page
> <./figs/mnist.pdf

pdfTeX warning: pdflatex (file ./figs/mnist.pdf): PDF inclusion: multiple pdfs 
with page group included in a single page
>] [29] [30]
<./figs/normal_unbalanced.pdf, id=1604, 291.90414pt x 201.90834pt>
File: ./figs/normal_unbalanced.pdf Graphic file (type pdf)

<use ./figs/normal_unbalanced.pdf>
Package pdftex.def Info: ./figs/normal_unbalanced.pdf used on input line 2187.
(pdftex.def)             Requested size: 234.0pt x 161.86269pt.
Missing character: There is no â in font cmr12!
Missing character: There is no € in font cmr12!
Missing character: There is no ™ in font cmr12!
 [31 <./figs/normal_unbalanced.pdf>]
(./energy_clustering.bbl [32] [33])

Class revtex4-1 Warning: Environment acknowledgements is obsolete;
Use acknowledgments instead.

[34] (./energy_clustering.aux) ) 
Here is how much of TeX's memory you used:
 6532 strings out of 493308
 86852 string characters out of 6140092
 176182 words of memory out of 5000000
 9848 multiletter control sequences out of 15000+600000
 21235 words of font info for 81 fonts, out of 8000000 for 9000
 957 hyphenation exceptions out of 8191
 36i,23n,35p,873b,774s stack positions out of 5000i,500n,10000p,200000b,80000s
 </home/gui/.texmf-var/fonts/pk/ljfour/public/b
bm/bbm12.600pk></usr/share/texlive/texmf-dist/fonts/type1/public/amsfonts/cm/cm
bsy10.pfb></usr/share/texlive/texmf-dist/fonts/type1/public/amsfonts/cm/cmbx10.
pfb></usr/share/texlive/texmf-dist/fonts/type1/public/amsfonts/cm/cmbx12.pfb></
usr/share/texlive/texmf-dist/fonts/type1/public/amsfonts/cm/cmex10.pfb></usr/sh
are/texlive/texmf-dist/fonts/type1/public/amsfonts/cm/cmmi10.pfb></usr/share/te
xlive/texmf-dist/fonts/type1/public/amsfonts/cm/cmmi12.pfb></usr/share/texlive/
texmf-dist/fonts/type1/public/amsfonts/cm/cmmi6.pfb></usr/share/texlive/texmf-d
ist/fonts/type1/public/amsfonts/cm/cmmi7.pfb></usr/share/texlive/texmf-dist/fon
ts/type1/public/amsfonts/cm/cmmi8.pfb></usr/share/texlive/texmf-dist/fonts/type
1/public/amsfonts/cm/cmmib10.pfb></usr/share/texlive/texmf-dist/fonts/type1/pub
lic/amsfonts/cm/cmr10.pfb></usr/share/texlive/texmf-dist/fonts/type1/public/ams
fonts/cm/cmr12.pfb></usr/share/texlive/texmf-dist/fonts/type1/public/amsfonts/c
m/cmr17.pfb></usr/share/texlive/texmf-dist/fonts/type1/public/amsfonts/cm/cmr6.
pfb></usr/share/texlive/texmf-dist/fonts/type1/public/amsfonts/cm/cmr7.pfb></us
r/share/texlive/texmf-dist/fonts/type1/public/amsfonts/cm/cmr8.pfb></usr/share/
texlive/texmf-dist/fonts/type1/public/amsfonts/cm/cmsy10.pfb></usr/share/texliv
e/texmf-dist/fonts/type1/public/amsfonts/cm/cmsy7.pfb></usr/share/texlive/texmf
-dist/fonts/type1/public/amsfonts/cm/cmsy8.pfb></usr/share/texlive/texmf-dist/f
onts/type1/public/amsfonts/cm/cmti10.pfb></usr/share/texlive/texmf-dist/fonts/t
ype1/public/amsfonts/cm/cmti12.pfb></usr/share/texlive/texmf-dist/fonts/type1/p
ublic/amsfonts/symbols/msam10.pfb></usr/share/texlive/texmf-dist/fonts/type1/pu
blic/amsfonts/symbols/msbm10.pfb></usr/share/texlive/texmf-dist/fonts/type1/urw
/zapfding/uzdr.pfb>
Output written on energy_clustering.pdf (34 pages, 1317704 bytes).
PDF statistics:
 1838 PDF objects out of 2073 (max. 8388607)
 0 named destinations out of 1000 (max. 500000)
 86 words of extra memory for PDF output out of 10000 (max. 10000000)

